<?xml version="1.0" encoding="UTF-8"?>
<!-- Generated by org.testng.reporters.JUnitXMLReporter -->
<testsuite hostname="Abhresh" ignored="3" name="Groups" tests="6" failures="0" timestamp="19 Aug 2018 03:53:23 GMT" time="0.293" errors="0">
  <testcase name="TC1" time="0.053" classname="module6.Grouping"/>
  <testcase name="TC7" time="0.012" classname="module6.Grouping"/>
  <testcase name="TC9" time="0.017" classname="module6.Grouping"/>
  <testcase name="TC4" time="0.007" classname="module6.Grouping"/>
  <testcase name="TC5" time="0.018" classname="module6.Grouping"/>
  <testcase name="TC8" time="0.017" classname="module6.Grouping"/>
  <testcase name="TC6" time="0.0" classname="module6.Grouping">
    <ignored/>
  </testcase> <!-- TC6 -->
  <testcase name="TC2" time="0.0" classname="module6.Grouping">
    <ignored/>
  </testcase> <!-- TC2 -->
  <testcase name="TC3" time="0.0" classname="module6.Grouping">
    <ignored/>
  </testcase> <!-- TC3 -->
</testsuite> <!-- Groups -->
