<?xml version="1.0" encoding="UTF-8"?>
<!-- Generated by org.testng.reporters.JUnitXMLReporter -->
<testsuite hostname="Abhresh" ignored="1" name="TestRun" tests="3" failures="0" timestamp="19 Aug 2018 03:53:23 GMT" time="0.06" errors="0">
  <testcase name="Car" time="0.005" classname="module6.MultipleTest"/>
  <testcase name="Train" time="0.01" classname="module6.MultipleTest"/>
  <testcase name="Bike" time="0.007" classname="module6.MultipleTest"/>
  <testcase name="Truck" time="0.0" classname="module6.MultipleTest">
    <ignored/>
  </testcase> <!-- Truck -->
</testsuite> <!-- TestRun -->
