<?xml version="1.0" encoding="UTF-8"?>
<!-- Generated by org.testng.reporters.JUnitXMLReporter -->
<testsuite hostname="Abhresh" ignored="0" name="Default test" tests="10" failures="0" timestamp="26 Aug 2018 02:34:49 GMT" time="89.144" errors="0">
  <testcase name="TestAUT" time="6.118" classname="module9.DDT.DDT"/>
  <testcase name="TestAUT" time="6.418" classname="module9.DDT.DDT"/>
  <testcase name="TestAUT" time="6.717" classname="module9.DDT.DDT"/>
  <testcase name="TestAUT" time="7.294" classname="module9.DDT.DDT"/>
  <testcase name="TestAUT" time="6.113" classname="module9.DDT.DDT"/>
  <testcase name="TestAUT" time="6.124" classname="module9.DDT.DDT"/>
  <testcase name="TestAUT" time="6.054" classname="module9.DDT.DDT"/>
  <testcase name="TestAUT" time="6.728" classname="module9.DDT.DDT"/>
  <testcase name="TestAUT" time="7.042" classname="module9.DDT.DDT"/>
  <testcase name="TestAUT" time="6.4" classname="module9.DDT.DDT"/>
</testsuite> <!-- Default test -->
