<?xml version="1.0" encoding="UTF-8"?>
<!-- Generated by org.testng.reporters.JUnitXMLReporter -->
<testsuite hostname="Abhresh" ignored="0" name="Default test" tests="9" failures="0" timestamp="19 Aug 2018 03:27:05 GMT" time="0.427" errors="0">
  <testcase name="TC1" time="0.045" classname="module6.Grouping"/>
  <testcase name="TC2" time="0.009" classname="module6.Grouping"/>
  <testcase name="TC3" time="0.011" classname="module6.Grouping"/>
  <testcase name="TC4" time="0.02" classname="module6.Grouping"/>
  <testcase name="TC5" time="0.013" classname="module6.Grouping"/>
  <testcase name="TC6" time="0.022" classname="module6.Grouping"/>
  <testcase name="TC7" time="0.015" classname="module6.Grouping"/>
  <testcase name="TC8" time="0.006" classname="module6.Grouping"/>
  <testcase name="TC9" time="0.007" classname="module6.Grouping"/>
</testsuite> <!-- Default test -->
