<?xml version="1.0" encoding="UTF-8"?>
<testng-results skipped="0" failed="0" ignored="0" total="3" passed="3">
  <reporter-output>
  </reporter-output>
  <suite name="Sute1" duration-ms="38618" started-at="2018-08-19T04:25:56Z" finished-at="2018-08-19T04:26:35Z">
    <groups>
    </groups>
    <test name="Test1" duration-ms="31387" started-at="2018-08-19T04:25:56Z" finished-at="2018-08-19T04:26:27Z">
      <class name="module6.Parameterization">
        <test-method status="PASS" signature="openBrowser(java.lang.String)[pri:0, instance:module6.Parameterization@3e57cd70]" name="openBrowser" is-config="true" duration-ms="14284" started-at="2018-08-19T04:25:56Z" finished-at="2018-08-19T04:26:10Z">
          <params>
            <param index="0">
              <value>
                <![CDATA[Chrome]]>
              </value>
            </param>
          </params>
          <reporter-output>
          </reporter-output>
        </test-method> <!-- openBrowser -->
        <test-method status="PASS" signature="login_TestCase()[pri:0, instance:module6.Parameterization@3e57cd70]" name="login_TestCase" duration-ms="12908" started-at="2018-08-19T04:26:10Z" finished-at="2018-08-19T04:26:23Z">
          <reporter-output>
          </reporter-output>
        </test-method> <!-- login_TestCase -->
        <test-method status="PASS" signature="closeBrowser()[pri:0, instance:module6.Parameterization@3e57cd70]" name="closeBrowser" is-config="true" duration-ms="4096" started-at="2018-08-19T04:26:23Z" finished-at="2018-08-19T04:26:27Z">
          <reporter-output>
          </reporter-output>
        </test-method> <!-- closeBrowser -->
      </class> <!-- module6.Parameterization -->
    </test> <!-- Test1 -->
    <test name="Test3" duration-ms="36795" started-at="2018-08-19T04:25:56Z" finished-at="2018-08-19T04:26:33Z">
      <class name="module6.Parameterization">
        <test-method status="PASS" signature="openBrowser(java.lang.String)[pri:0, instance:module6.Parameterization@3aeaafa6]" name="openBrowser" is-config="true" duration-ms="14292" started-at="2018-08-19T04:25:56Z" finished-at="2018-08-19T04:26:10Z">
          <params>
            <param index="0">
              <value>
                <![CDATA[Chrome]]>
              </value>
            </param>
          </params>
          <reporter-output>
          </reporter-output>
        </test-method> <!-- openBrowser -->
        <test-method status="PASS" signature="login_TestCase()[pri:0, instance:module6.Parameterization@3aeaafa6]" name="login_TestCase" duration-ms="19242" started-at="2018-08-19T04:26:10Z" finished-at="2018-08-19T04:26:30Z">
          <reporter-output>
          </reporter-output>
        </test-method> <!-- login_TestCase -->
        <test-method status="PASS" signature="closeBrowser()[pri:0, instance:module6.Parameterization@3aeaafa6]" name="closeBrowser" is-config="true" duration-ms="3176" started-at="2018-08-19T04:26:30Z" finished-at="2018-08-19T04:26:33Z">
          <reporter-output>
          </reporter-output>
        </test-method> <!-- closeBrowser -->
      </class> <!-- module6.Parameterization -->
    </test> <!-- Test3 -->
    <test name="Test2" duration-ms="38618" started-at="2018-08-19T04:25:56Z" finished-at="2018-08-19T04:26:35Z">
      <class name="module6.Parameterization">
        <test-method status="PASS" signature="openBrowser(java.lang.String)[pri:0, instance:module6.Parameterization@7a3d45bd]" name="openBrowser" is-config="true" duration-ms="14430" started-at="2018-08-19T04:25:56Z" finished-at="2018-08-19T04:26:10Z">
          <params>
            <param index="0">
              <value>
                <![CDATA[Chrome]]>
              </value>
            </param>
          </params>
          <reporter-output>
          </reporter-output>
        </test-method> <!-- openBrowser -->
        <test-method status="PASS" signature="login_TestCase()[pri:0, instance:module6.Parameterization@7a3d45bd]" name="login_TestCase" duration-ms="21569" started-at="2018-08-19T04:26:10Z" finished-at="2018-08-19T04:26:32Z">
          <reporter-output>
          </reporter-output>
        </test-method> <!-- login_TestCase -->
        <test-method status="PASS" signature="closeBrowser()[pri:0, instance:module6.Parameterization@7a3d45bd]" name="closeBrowser" is-config="true" duration-ms="2603" started-at="2018-08-19T04:26:32Z" finished-at="2018-08-19T04:26:35Z">
          <reporter-output>
          </reporter-output>
        </test-method> <!-- closeBrowser -->
      </class> <!-- module6.Parameterization -->
    </test> <!-- Test2 -->
  </suite> <!-- Sute1 -->
</testng-results>
