<?xml version="1.0" encoding="UTF-8"?>
<testng-results skipped="0" failed="0" ignored="0" total="10" passed="10">
  <reporter-output>
  </reporter-output>
  <suite name="Default suite" duration-ms="89144" started-at="2018-08-26T02:33:20Z" finished-at="2018-08-26T02:34:49Z">
    <groups>
    </groups>
    <test name="Default test" duration-ms="89144" started-at="2018-08-26T02:33:20Z" finished-at="2018-08-26T02:34:49Z">
      <class name="module9.DDT.DDT">
        <test-method status="PASS" signature="OpenBrowser()[pri:0, instance:module9.DDT.DDT@44c8afef]" name="OpenBrowser" is-config="true" duration-ms="18947" started-at="2018-08-26T02:33:20Z" finished-at="2018-08-26T02:33:39Z">
          <reporter-output>
          </reporter-output>
        </test-method> <!-- OpenBrowser -->
        <test-method status="PASS" signature="TestAUT(java.lang.String, java.lang.String, java.lang.String)[pri:0, instance:module9.DDT.DDT@44c8afef]" name="TestAUT" duration-ms="6118" started-at="2018-08-26T02:33:39Z" data-provider="TestData" finished-at="2018-08-26T02:33:45Z">
          <params>
            <param index="0">
              <value>
                <![CDATA[Amit]]>
              </value>
            </param>
            <param index="1">
              <value>
                <![CDATA[Jain]]>
              </value>
            </param>
            <param index="2">
              <value>
                <![CDATA[Gujrat]]>
              </value>
            </param>
          </params>
          <reporter-output>
          </reporter-output>
        </test-method> <!-- TestAUT -->
        <test-method status="PASS" signature="TestAUT(java.lang.String, java.lang.String, java.lang.String)[pri:0, instance:module9.DDT.DDT@44c8afef]" name="TestAUT" duration-ms="6418" started-at="2018-08-26T02:33:45Z" data-provider="TestData" finished-at="2018-08-26T02:33:52Z">
          <params>
            <param index="0">
              <value>
                <![CDATA[Sam]]>
              </value>
            </param>
            <param index="1">
              <value>
                <![CDATA[Joseph]]>
              </value>
            </param>
            <param index="2">
              <value>
                <![CDATA[Goa]]>
              </value>
            </param>
          </params>
          <reporter-output>
          </reporter-output>
        </test-method> <!-- TestAUT -->
        <test-method status="PASS" signature="TestAUT(java.lang.String, java.lang.String, java.lang.String)[pri:0, instance:module9.DDT.DDT@44c8afef]" name="TestAUT" duration-ms="6717" started-at="2018-08-26T02:33:52Z" data-provider="TestData" finished-at="2018-08-26T02:33:58Z">
          <params>
            <param index="0">
              <value>
                <![CDATA[Sumit]]>
              </value>
            </param>
            <param index="1">
              <value>
                <![CDATA[Pandey]]>
              </value>
            </param>
            <param index="2">
              <value>
                <![CDATA[Delhi]]>
              </value>
            </param>
          </params>
          <reporter-output>
          </reporter-output>
        </test-method> <!-- TestAUT -->
        <test-method status="PASS" signature="TestAUT(java.lang.String, java.lang.String, java.lang.String)[pri:0, instance:module9.DDT.DDT@44c8afef]" name="TestAUT" duration-ms="7294" started-at="2018-08-26T02:33:58Z" data-provider="TestData" finished-at="2018-08-26T02:34:06Z">
          <params>
            <param index="0">
              <value>
                <![CDATA[James]]>
              </value>
            </param>
            <param index="1">
              <value>
                <![CDATA[Desuza]]>
              </value>
            </param>
            <param index="2">
              <value>
                <![CDATA[Mumbai]]>
              </value>
            </param>
          </params>
          <reporter-output>
          </reporter-output>
        </test-method> <!-- TestAUT -->
        <test-method status="PASS" signature="TestAUT(java.lang.String, java.lang.String, java.lang.String)[pri:0, instance:module9.DDT.DDT@44c8afef]" name="TestAUT" duration-ms="6113" started-at="2018-08-26T02:34:06Z" data-provider="TestData" finished-at="2018-08-26T02:34:12Z">
          <params>
            <param index="0">
              <value>
                <![CDATA[Rohit]]>
              </value>
            </param>
            <param index="1">
              <value>
                <![CDATA[Joshi]]>
              </value>
            </param>
            <param index="2">
              <value>
                <![CDATA[Pune]]>
              </value>
            </param>
          </params>
          <reporter-output>
          </reporter-output>
        </test-method> <!-- TestAUT -->
        <test-method status="PASS" signature="TestAUT(java.lang.String, java.lang.String, java.lang.String)[pri:0, instance:module9.DDT.DDT@44c8afef]" name="TestAUT" duration-ms="6124" started-at="2018-08-26T02:34:12Z" data-provider="TestData" finished-at="2018-08-26T02:34:18Z">
          <params>
            <param index="0">
              <value>
                <![CDATA[Jain]]>
              </value>
            </param>
            <param index="1">
              <value>
                <![CDATA[Amit]]>
              </value>
            </param>
            <param index="2">
              <value>
                <![CDATA[Gujrat]]>
              </value>
            </param>
          </params>
          <reporter-output>
          </reporter-output>
        </test-method> <!-- TestAUT -->
        <test-method status="PASS" signature="TestAUT(java.lang.String, java.lang.String, java.lang.String)[pri:0, instance:module9.DDT.DDT@44c8afef]" name="TestAUT" duration-ms="6054" started-at="2018-08-26T02:34:18Z" data-provider="TestData" finished-at="2018-08-26T02:34:24Z">
          <params>
            <param index="0">
              <value>
                <![CDATA[Joseph]]>
              </value>
            </param>
            <param index="1">
              <value>
                <![CDATA[Sam]]>
              </value>
            </param>
            <param index="2">
              <value>
                <![CDATA[Goa]]>
              </value>
            </param>
          </params>
          <reporter-output>
          </reporter-output>
        </test-method> <!-- TestAUT -->
        <test-method status="PASS" signature="TestAUT(java.lang.String, java.lang.String, java.lang.String)[pri:0, instance:module9.DDT.DDT@44c8afef]" name="TestAUT" duration-ms="6728" started-at="2018-08-26T02:34:24Z" data-provider="TestData" finished-at="2018-08-26T02:34:31Z">
          <params>
            <param index="0">
              <value>
                <![CDATA[Pandey]]>
              </value>
            </param>
            <param index="1">
              <value>
                <![CDATA[Sumit]]>
              </value>
            </param>
            <param index="2">
              <value>
                <![CDATA[Delhi]]>
              </value>
            </param>
          </params>
          <reporter-output>
          </reporter-output>
        </test-method> <!-- TestAUT -->
        <test-method status="PASS" signature="TestAUT(java.lang.String, java.lang.String, java.lang.String)[pri:0, instance:module9.DDT.DDT@44c8afef]" name="TestAUT" duration-ms="7042" started-at="2018-08-26T02:34:31Z" data-provider="TestData" finished-at="2018-08-26T02:34:38Z">
          <params>
            <param index="0">
              <value>
                <![CDATA[Desuza]]>
              </value>
            </param>
            <param index="1">
              <value>
                <![CDATA[James]]>
              </value>
            </param>
            <param index="2">
              <value>
                <![CDATA[Mumbai]]>
              </value>
            </param>
          </params>
          <reporter-output>
          </reporter-output>
        </test-method> <!-- TestAUT -->
        <test-method status="PASS" signature="TestAUT(java.lang.String, java.lang.String, java.lang.String)[pri:0, instance:module9.DDT.DDT@44c8afef]" name="TestAUT" duration-ms="6400" started-at="2018-08-26T02:34:38Z" data-provider="TestData" finished-at="2018-08-26T02:34:44Z">
          <params>
            <param index="0">
              <value>
                <![CDATA[Joshi]]>
              </value>
            </param>
            <param index="1">
              <value>
                <![CDATA[Rohit]]>
              </value>
            </param>
            <param index="2">
              <value>
                <![CDATA[Pune]]>
              </value>
            </param>
          </params>
          <reporter-output>
          </reporter-output>
        </test-method> <!-- TestAUT -->
        <test-method status="PASS" signature="QuitBrowser()[pri:0, instance:module9.DDT.DDT@44c8afef]" name="QuitBrowser" is-config="true" duration-ms="4409" started-at="2018-08-26T02:34:44Z" finished-at="2018-08-26T02:34:49Z">
          <reporter-output>
          </reporter-output>
        </test-method> <!-- QuitBrowser -->
      </class> <!-- module9.DDT.DDT -->
    </test> <!-- Default test -->
  </suite> <!-- Default suite -->
</testng-results>
