<?xml version="1.0" encoding="UTF-8"?>
<!-- Generated by org.testng.reporters.JUnitXMLReporter -->
<testsuite hostname="Abhresh" ignored="0" name="ParameterTest1" tests="1" failures="1" timestamp="19 Aug 2018 04:13:23 GMT" time="399.74" errors="0">
  <testcase name="@AfterTest closeBrowser" time="0.004" classname="module6.Parameterization">
    <failure type="java.lang.NullPointerException">
      <![CDATA[java.lang.NullPointerException
at module6.Parameterization.closeBrowser(Parameterization.java:51)
... Removed 24 stack frames]]>
    </failure>
  </testcase> <!-- @AfterTest closeBrowser -->
  <testcase name="login_TestCase" time="0.022" classname="module6.Parameterization">
    <failure type="java.lang.NullPointerException">
      <![CDATA[java.lang.NullPointerException
at module6.Parameterization.login_TestCase(Parameterization.java:45)
... Removed 25 stack frames]]>
    </failure>
  </testcase> <!-- login_TestCase -->
</testsuite> <!-- ParameterTest1 -->
